# JRE version: OpenJDK Runtime Environment (8.0_202-b03) (build 1.8.0_202-release-1483-b03)
# Java VM: OpenJDK 64-Bit Server VM (25.202-b03 mixed mode windows-amd64 compressed oops)
Heap:
 PSYoungGen      total 216064K, used 11329K [0x00000000e0000000, 0x00000000eed80000, 0x0000000100000000)
  eden space 194560K, 0% used [0x00000000e0000000,0x00000000e0000000,0x00000000ebe00000)
  from space 21504K, 52% used [0x00000000ed300000,0x00000000ede105a8,0x00000000ee800000)
  to   space 21504K, 0% used [0x00000000ebe00000,0x00000000ebe00000,0x00000000ed300000)
 ParOldGen       total 209920K, used 13153K [0x00000000a0000000, 0x00000000acd00000, 0x00000000e0000000)
  object space 209920K, 6% used [0x00000000a0000000,0x00000000a0cd86b8,0x00000000acd00000)
 Metaspace       used 34633K, capacity 35412K, committed 35456K, reserved 1079296K
  class space    used 4771K, capacity 4962K, committed 4992K, reserved 1048576K
GC Heap History (10 events):
Event: 2.232 GC heap after
Heap after GC invocations=1 (full 0):
 PSYoungGen      total 153088K, used 11365K [0x00000000e0000000, 0x00000000eaa80000, 0x0000000100000000)
  eden space 131584K, 0% used [0x00000000e0000000,0x00000000e0000000,0x00000000e8080000)
  from space 21504K, 52% used [0x00000000e8080000,0x00000000e8b994a0,0x00000000e9580000)
  to   space 21504K, 0% used [0x00000000e9580000,0x00000000e9580000,0x00000000eaa80000)
 ParOldGen       total 349696K, used 16K [0x00000000a0000000, 0x00000000b5580000, 0x00000000e0000000)
  object space 349696K, 0% used [0x00000000a0000000,0x00000000a0004000,0x00000000b5580000)
 Metaspace       used 13893K, capacity 14256K, committed 14336K, reserved 1060864K
  class space    used 1918K, capacity 2030K, committed 2048K, reserved 1048576K
}
Event: 2.957 GC heap before
{Heap before GC invocations=2 (full 0):
 PSYoungGen      total 153088K, used 94724K [0x00000000e0000000, 0x00000000eaa80000, 0x0000000100000000)
  eden space 131584K, 63% used [0x00000000e0000000,0x00000000e5167d20,0x00000000e8080000)
  from space 21504K, 52% used [0x00000000e8080000,0x00000000e8b994a0,0x00000000e9580000)
  to   space 21504K, 0% used [0x00000000e9580000,0x00000000e9580000,0x00000000eaa80000)
 ParOldGen       total 349696K, used 16K [0x00000000a0000000, 0x00000000b5580000, 0x00000000e0000000)
  object space 349696K, 0% used [0x00000000a0000000,0x00000000a0004000,0x00000000b5580000)
 Metaspace       used 20678K, capacity 21134K, committed 21296K, reserved 1067008K
  class space    used 2952K, capacity 3119K, committed 3200K, reserved 1048576K
Event: 2.970 GC heap after
Heap after GC invocations=2 (full 0):
 PSYoungGen      total 153088K, used 13589K [0x00000000e0000000, 0x00000000f2b00000, 0x0000000100000000)
  eden space 131584K, 0% used [0x00000000e0000000,0x00000000e0000000,0x00000000e8080000)
  from space 21504K, 63% used [0x00000000e9580000,0x00000000ea2c5710,0x00000000eaa80000)
  to   space 21504K, 0% used [0x00000000e8080000,0x00000000e8080000,0x00000000e9580000)
 ParOldGen       total 349696K, used 24K [0x00000000a0000000, 0x00000000b5580000, 0x00000000e0000000)
  object space 349696K, 0% used [0x00000000a0000000,0x00000000a0006000,0x00000000b5580000)
 Metaspace       used 20678K, capacity 21134K, committed 21296K, reserved 1067008K
  class space    used 2952K, capacity 3119K, committed 3200K, reserved 1048576K
}
Event: 2.970 GC heap before
{Heap before GC invocations=3 (full 1):
 PSYoungGen      total 153088K, used 13589K [0x00000000e0000000, 0x00000000f2b00000, 0x0000000100000000)
  eden space 131584K, 0% used [0x00000000e0000000,0x00000000e0000000,0x00000000e8080000)
  from space 21504K, 63% used [0x00000000e9580000,0x00000000ea2c5710,0x00000000eaa80000)
  to   space 21504K, 0% used [0x00000000e8080000,0x00000000e8080000,0x00000000e9580000)
 ParOldGen       total 349696K, used 24K [0x00000000a0000000, 0x00000000b5580000, 0x00000000e0000000)
  object space 349696K, 0% used [0x00000000a0000000,0x00000000a0006000,0x00000000b5580000)
 Metaspace       used 20678K, capacity 21134K, committed 21296K, reserved 1067008K
  class space    used 2952K, capacity 3119K, committed 3200K, reserved 1048576K
Event: 3.001 GC heap after
Heap after GC invocations=3 (full 1):
 PSYoungGen      total 153088K, used 0K [0x00000000e0000000, 0x00000000f2b00000, 0x0000000100000000)
  eden space 131584K, 0% used [0x00000000e0000000,0x00000000e0000000,0x00000000e8080000)
  from space 21504K, 0% used [0x00000000e9580000,0x00000000e9580000,0x00000000eaa80000)
  to   space 21504K, 0% used [0x00000000e8080000,0x00000000e8080000,0x00000000e9580000)
 ParOldGen       total 209920K, used 13137K [0x00000000a0000000, 0x00000000acd00000, 0x00000000e0000000)
  object space 209920K, 6% used [0x00000000a0000000,0x00000000a0cd46b8,0x00000000acd00000)
 Metaspace       used 20678K, capacity 21134K, committed 21296K, reserved 1067008K
  class space    used 2952K, capacity 3119K, committed 3200K, reserved 1048576K
}
Event: 4.382 GC heap before
{Heap before GC invocations=4 (full 1):
 PSYoungGen      total 153088K, used 131584K [0x00000000e0000000, 0x00000000f2b00000, 0x0000000100000000)
  eden space 131584K, 100% used [0x00000000e0000000,0x00000000e8080000,0x00000000e8080000)
  from space 21504K, 0% used [0x00000000e9580000,0x00000000e9580000,0x00000000eaa80000)
  to   space 21504K, 0% used [0x00000000e8080000,0x00000000e8080000,0x00000000e9580000)
 ParOldGen       total 209920K, used 13137K [0x00000000a0000000, 0x00000000acd00000, 0x00000000e0000000)
  object space 209920K, 6% used [0x00000000a0000000,0x00000000a0cd46b8,0x00000000acd00000)
 Metaspace       used 31795K, capacity 32390K, committed 32768K, reserved 1077248K
  class space    used 4374K, capacity 4556K, committed 4608K, reserved 1048576K
Event: 4.392 GC heap after
Heap after GC invocations=4 (full 1):
 PSYoungGen      total 153088K, used 13167K [0x00000000e0000000, 0x00000000ee800000, 0x0000000100000000)
  eden space 131584K, 0% used [0x00000000e0000000,0x00000000e0000000,0x00000000e8080000)
  from space 21504K, 61% used [0x00000000e8080000,0x00000000e8d5bcb8,0x00000000e9580000)
  to   space 21504K, 0% used [0x00000000ed300000,0x00000000ed300000,0x00000000ee800000)
 ParOldGen       total 209920K, used 13145K [0x00000000a0000000, 0x00000000acd00000, 0x00000000e0000000)
  object space 209920K, 6% used [0x00000000a0000000,0x00000000a0cd66b8,0x00000000acd00000)
 Metaspace       used 31795K, capacity 32390K, committed 32768K, reserved 1077248K
  class space    used 4374K, capacity 4556K, committed 4608K, reserved 1048576K
}
Event: 4.934 GC heap before
{Heap before GC invocations=5 (full 1):
 PSYoungGen      total 153088K, used 75504K [0x00000000e0000000, 0x00000000ee800000, 0x0000000100000000)
  eden space 131584K, 47% used [0x00000000e0000000,0x00000000e3ce0650,0x00000000e8080000)
  from space 21504K, 61% used [0x00000000e8080000,0x00000000e8d5bcb8,0x00000000e9580000)
  to   space 21504K, 0% used [0x00000000ed300000,0x00000000ed300000,0x00000000ee800000)
 ParOldGen       total 209920K, used 13145K [0x00000000a0000000, 0x00000000acd00000, 0x00000000e0000000)
  object space 209920K, 6% used [0x00000000a0000000,0x00000000a0cd66b8,0x00000000acd00000)
 Metaspace       used 34633K, capacity 35412K, committed 35456K, reserved 1079296K
  class space    used 4771K, capacity 4962K, committed 4992K, reserved 1048576K
Event: 4.943 GC heap after
Heap after GC invocations=5 (full 1):
 PSYoungGen      total 216064K, used 11329K [0x00000000e0000000, 0x00000000eed80000, 0x0000000100000000)
  eden space 194560K, 0% used [0x00000000e0000000,0x00000000e0000000,0x00000000ebe00000)
  from space 21504K, 52% used [0x00000000ed300000,0x00000000ede105a8,0x00000000ee800000)
  to   space 21504K, 0% used [0x00000000ebe00000,0x00000000ebe00000,0x00000000ed300000)
 ParOldGen       total 209920K, used 13153K [0x00000000a0000000, 0x00000000acd00000, 0x00000000e0000000)
  object space 209920K, 6% used [0x00000000a0000000,0x00000000a0cd86b8,0x00000000acd00000)
 Metaspace       used 34633K, capacity 35412K, committed 35456K, reserved 1079296K
  class space    used 4771K, capacity 4962K, committed 4992K, reserved 1048576K
}
Event: 4.943 GC heap before
{Heap before GC invocations=6 (full 2):
 PSYoungGen      total 216064K, used 11329K [0x00000000e0000000, 0x00000000eed80000, 0x0000000100000000)
  eden space 194560K, 0% used [0x00000000e0000000,0x00000000e0000000,0x00000000ebe00000)
  from space 21504K, 52% used [0x00000000ed300000,0x00000000ede105a8,0x00000000ee800000)
  to   space 21504K, 0% used [0x00000000ebe00000,0x00000000ebe00000,0x00000000ed300000)
 ParOldGen       total 209920K, used 13153K [0x00000000a0000000, 0x00000000acd00000, 0x00000000e0000000)
  object space 209920K, 6% used [0x00000000a0000000,0x00000000a0cd86b8,0x00000000acd00000)
 Metaspace       used 34633K, capacity 35412K, committed 35456K, reserved 1079296K
  class space    used 4771K, capacity 4962K, committed 4992K, reserved 1048576K

